<?xml version="1.0" encoding="UTF-8"?>
<testsuite name="org.example.springbootdeveloper.controller.BlogApiControllerTest" tests="5" skipped="0" failures="0" errors="0" timestamp="2024-01-25T07:45:40" hostname="DESKTOP-7PHFIVQ" time="1.357">
  <properties/>
  <testcase name="deleteArticle: 블로그 글 삭제에 성공한다." classname="org.example.springbootdeveloper.controller.BlogApiControllerTest" time="1.031"/>
  <testcase name="findArticle: 블로그 글 조회에 성공한다." classname="org.example.springbootdeveloper.controller.BlogApiControllerTest" time="0.157"/>
  <testcase name="findAllArticles: 블로그 글 목록 조회에 성공한다." classname="org.example.springbootdeveloper.controller.BlogApiControllerTest" time="0.031"/>
  <testcase name="addArticle: 블로그 글 추가에 성공한다." classname="org.example.springbootdeveloper.controller.BlogApiControllerTest" time="0.095"/>
  <testcase name="updateArticle: 블로그 글 수정에 성공한다." classname="org.example.springbootdeveloper.controller.BlogApiControllerTest" time="0.034"/>
  <system-out><![CDATA[16:45:33.021 [Test worker] DEBUG org.springframework.boot.test.context.SpringBootTestContextBootstrapper - Neither @ContextConfiguration nor @ContextHierarchy found for test class [BlogApiControllerTest]: using SpringBootContextLoader
16:45:33.032 [Test worker] DEBUG org.springframework.test.context.support.AbstractContextLoader - Could not detect default resource locations for test class [org.example.springbootdeveloper.controller.BlogApiControllerTest]: no resource found for suffixes {-context.xml, Context.groovy}.
16:45:33.035 [Test worker] INFO org.springframework.test.context.support.AnnotationConfigContextLoaderUtils - Could not detect default configuration classes for test class [org.example.springbootdeveloper.controller.BlogApiControllerTest]: BlogApiControllerTest does not declare any static, non-private, non-final, nested classes annotated with @Configuration.
16:45:33.119 [Test worker] DEBUG org.springframework.boot.test.context.SpringBootTestContextBootstrapper - Using ContextCustomizers for test class [BlogApiControllerTest]: [DisableObservabilityContextCustomizer, PropertyMappingContextCustomizer, Customizer, ImportsContextCustomizer, ExcludeFilterContextCustomizer, DuplicateJsonObjectContextCustomizer, MockitoContextCustomizer, TestRestTemplateContextCustomizer]
16:45:33.268 [Test worker] DEBUG org.springframework.context.annotation.ClassPathScanningCandidateComponentProvider - Identified candidate component class: file [C:\Users\msi\IdeaProjects\restart\build\classes\java\main\org\example\springbootdeveloper\SpringBootDeveloperApplication.class]
16:45:33.270 [Test worker] INFO org.springframework.boot.test.context.SpringBootTestContextBootstrapper - Found @SpringBootConfiguration org.example.springbootdeveloper.SpringBootDeveloperApplication for test class org.example.springbootdeveloper.controller.BlogApiControllerTest
16:45:33.483 [Test worker] DEBUG org.springframework.boot.test.context.SpringBootTestContextBootstrapper - Using TestExecutionListeners for test class [BlogApiControllerTest]: [ServletTestExecutionListener, DirtiesContextBeforeModesTestExecutionListener, ApplicationEventsTestExecutionListener, MockitoTestExecutionListener, DependencyInjectionTestExecutionListener, DirtiesContextTestExecutionListener, TransactionalTestExecutionListener, SqlScriptsTestExecutionListener, EventPublishingTestExecutionListener, RestDocsTestExecutionListener, MockRestServiceServerResetTestExecutionListener, MockMvcPrintOnlyOnFailureTestExecutionListener, WebDriverTestExecutionListener, MockWebServiceServerTestExecutionListener, ResetMocksTestExecutionListener]
16:45:33.485 [Test worker] DEBUG org.springframework.test.context.support.AbstractDirtiesContextTestExecutionListener - Before test class: class [BlogApiControllerTest], class annotated with @DirtiesContext [false] with mode [null]

  .   ____          _            __ _ _
 /\\ / ___'_ __ _ _(_)_ __  __ _ \ \ \ \
( ( )\___ | '_ | '_| | '_ \/ _` | \ \ \ \
 \\/  ___)| |_)| | | | | || (_| |  ) ) ) )
  '  |____| .__|_| |_|_| |_\__, | / / / /
 =========|_|==============|___/=/_/_/_/
 :: Spring Boot ::                (v3.0.2)

2024-01-25T16:45:34.166+09:00  INFO 5160 --- [    Test worker] o.e.s.controller.BlogApiControllerTest   : Starting BlogApiControllerTest using Java 17.0.2 with PID 5160 (started by msi in C:\Users\msi\IdeaProjects\restart)
2024-01-25T16:45:34.169+09:00  INFO 5160 --- [    Test worker] o.e.s.controller.BlogApiControllerTest   : No active profile set, falling back to 1 default profile: "default"
2024-01-25T16:45:35.319+09:00  INFO 5160 --- [    Test worker] .s.d.r.c.RepositoryConfigurationDelegate : Bootstrapping Spring Data JPA repositories in DEFAULT mode.
2024-01-25T16:45:35.448+09:00  INFO 5160 --- [    Test worker] .s.d.r.c.RepositoryConfigurationDelegate : Finished Spring Data repository scanning in 102 ms. Found 1 JPA repository interfaces.
2024-01-25T16:45:36.110+09:00  INFO 5160 --- [    Test worker] com.zaxxer.hikari.HikariDataSource       : HikariPool-1 - Starting...
2024-01-25T16:45:36.515+09:00  INFO 5160 --- [    Test worker] com.zaxxer.hikari.pool.HikariPool        : HikariPool-1 - Added connection conn0: url=jdbc:h2:mem:testdb user=SA
2024-01-25T16:45:36.519+09:00  INFO 5160 --- [    Test worker] com.zaxxer.hikari.HikariDataSource       : HikariPool-1 - Start completed.
2024-01-25T16:45:36.746+09:00  INFO 5160 --- [    Test worker] o.hibernate.jpa.internal.util.LogHelper  : HHH000204: Processing PersistenceUnitInfo [name: default]
2024-01-25T16:45:36.892+09:00  INFO 5160 --- [    Test worker] org.hibernate.Version                    : HHH000412: Hibernate ORM core version 6.1.6.Final
2024-01-25T16:45:37.285+09:00  WARN 5160 --- [    Test worker] org.hibernate.orm.deprecation            : HHH90000021: Encountered deprecated setting [javax.persistence.sharedCache.mode], use [jakarta.persistence.sharedCache.mode] instead
2024-01-25T16:45:37.645+09:00  INFO 5160 --- [    Test worker] SQL dialect                              : HHH000400: Using dialect: org.hibernate.dialect.H2Dialect
Hibernate: 
    
    drop table if exists article cascade 
Hibernate: 
    
    create table article (
       id bigint generated by default as identity,
        content varchar(255) not null,
        title varchar(255) not null,
        your_column_name varchar(255),
        primary key (id)
    )
2024-01-25T16:45:39.094+09:00  INFO 5160 --- [    Test worker] o.h.e.t.j.p.i.JtaPlatformInitiator       : HHH000490: Using JtaPlatform implementation: [org.hibernate.engine.transaction.jta.platform.internal.NoJtaPlatform]
2024-01-25T16:45:39.113+09:00  INFO 5160 --- [    Test worker] j.LocalContainerEntityManagerFactoryBean : Initialized JPA EntityManagerFactory for persistence unit 'default'
2024-01-25T16:45:39.925+09:00  WARN 5160 --- [    Test worker] JpaBaseConfiguration$JpaWebConfiguration : spring.jpa.open-in-view is enabled by default. Therefore, database queries may be performed during view rendering. Explicitly configure spring.jpa.open-in-view to disable this warning
2024-01-25T16:45:40.528+09:00  INFO 5160 --- [    Test worker] o.s.b.a.h2.H2ConsoleAutoConfiguration    : H2 console available at '/h2-console'. Database available at 'jdbc:h2:mem:testdb'
2024-01-25T16:45:40.596+09:00  INFO 5160 --- [    Test worker] o.s.b.t.m.w.SpringBootMockServletContext : Initializing Spring TestDispatcherServlet ''
2024-01-25T16:45:40.597+09:00  INFO 5160 --- [    Test worker] o.s.t.web.servlet.TestDispatcherServlet  : Initializing Servlet ''
2024-01-25T16:45:40.601+09:00  INFO 5160 --- [    Test worker] o.s.t.web.servlet.TestDispatcherServlet  : Completed initialization in 1 ms
2024-01-25T16:45:40.644+09:00  INFO 5160 --- [    Test worker] o.e.s.controller.BlogApiControllerTest   : Started BlogApiControllerTest in 7.073 seconds (process running for 9.521)
2024-01-25T16:45:41.040+09:00  INFO 5160 --- [    Test worker] o.s.b.t.m.w.SpringBootMockServletContext : Initializing Spring TestDispatcherServlet ''
2024-01-25T16:45:41.040+09:00  INFO 5160 --- [    Test worker] o.s.t.web.servlet.TestDispatcherServlet  : Initializing Servlet ''
2024-01-25T16:45:41.043+09:00  INFO 5160 --- [    Test worker] o.s.t.web.servlet.TestDispatcherServlet  : Completed initialization in 2 ms
Hibernate: 
    select
        a1_0.id,
        a1_0.content,
        a1_0.title,
        a1_0.your_column_name 
    from
        article a1_0
Hibernate: 
    insert 
    into
        article
        (id, content, title, your_column_name) 
    values
        (default, ?, ?, ?)
Hibernate: 
    select
        a1_0.id,
        a1_0.content,
        a1_0.title,
        a1_0.your_column_name 
    from
        article a1_0 
    where
        a1_0.id=?
Hibernate: 
    delete 
    from
        article 
    where
        id=?
Hibernate: 
    select
        a1_0.id,
        a1_0.content,
        a1_0.title,
        a1_0.your_column_name 
    from
        article a1_0
2024-01-25T16:45:41.720+09:00  INFO 5160 --- [    Test worker] o.s.b.t.m.w.SpringBootMockServletContext : Initializing Spring TestDispatcherServlet ''
2024-01-25T16:45:41.720+09:00  INFO 5160 --- [    Test worker] o.s.t.web.servlet.TestDispatcherServlet  : Initializing Servlet ''
2024-01-25T16:45:41.721+09:00  INFO 5160 --- [    Test worker] o.s.t.web.servlet.TestDispatcherServlet  : Completed initialization in 1 ms
Hibernate: 
    select
        a1_0.id,
        a1_0.content,
        a1_0.title,
        a1_0.your_column_name 
    from
        article a1_0
Hibernate: 
    insert 
    into
        article
        (id, content, title, your_column_name) 
    values
        (default, ?, ?, ?)
Hibernate: 
    select
        a1_0.id,
        a1_0.content,
        a1_0.title,
        a1_0.your_column_name 
    from
        article a1_0 
    where
        a1_0.id=?
2024-01-25T16:45:41.879+09:00  INFO 5160 --- [    Test worker] o.s.b.t.m.w.SpringBootMockServletContext : Initializing Spring TestDispatcherServlet ''
2024-01-25T16:45:41.879+09:00  INFO 5160 --- [    Test worker] o.s.t.web.servlet.TestDispatcherServlet  : Initializing Servlet ''
2024-01-25T16:45:41.880+09:00  INFO 5160 --- [    Test worker] o.s.t.web.servlet.TestDispatcherServlet  : Completed initialization in 1 ms
Hibernate: 
    select
        a1_0.id,
        a1_0.content,
        a1_0.title,
        a1_0.your_column_name 
    from
        article a1_0
Hibernate: 
    delete 
    from
        article 
    where
        id=?
Hibernate: 
    insert 
    into
        article
        (id, content, title, your_column_name) 
    values
        (default, ?, ?, ?)
Hibernate: 
    select
        a1_0.id,
        a1_0.content,
        a1_0.title,
        a1_0.your_column_name 
    from
        article a1_0
2024-01-25T16:45:41.912+09:00  INFO 5160 --- [    Test worker] o.s.b.t.m.w.SpringBootMockServletContext : Initializing Spring TestDispatcherServlet ''
2024-01-25T16:45:41.913+09:00  INFO 5160 --- [    Test worker] o.s.t.web.servlet.TestDispatcherServlet  : Initializing Servlet ''
2024-01-25T16:45:41.914+09:00  INFO 5160 --- [    Test worker] o.s.t.web.servlet.TestDispatcherServlet  : Completed initialization in 1 ms
Hibernate: 
    select
        a1_0.id,
        a1_0.content,
        a1_0.title,
        a1_0.your_column_name 
    from
        article a1_0
Hibernate: 
    delete 
    from
        article 
    where
        id=?
Hibernate: 
    insert 
    into
        article
        (id, content, title, your_column_name) 
    values
        (default, ?, ?, ?)
Hibernate: 
    select
        a1_0.id,
        a1_0.content,
        a1_0.title,
        a1_0.your_column_name 
    from
        article a1_0
2024-01-25T16:45:42.009+09:00  INFO 5160 --- [    Test worker] o.s.b.t.m.w.SpringBootMockServletContext : Initializing Spring TestDispatcherServlet ''
2024-01-25T16:45:42.009+09:00  INFO 5160 --- [    Test worker] o.s.t.web.servlet.TestDispatcherServlet  : Initializing Servlet ''
2024-01-25T16:45:42.011+09:00  INFO 5160 --- [    Test worker] o.s.t.web.servlet.TestDispatcherServlet  : Completed initialization in 1 ms
Hibernate: 
    select
        a1_0.id,
        a1_0.content,
        a1_0.title,
        a1_0.your_column_name 
    from
        article a1_0
Hibernate: 
    delete 
    from
        article 
    where
        id=?
Hibernate: 
    insert 
    into
        article
        (id, content, title, your_column_name) 
    values
        (default, ?, ?, ?)
Hibernate: 
    select
        a1_0.id,
        a1_0.content,
        a1_0.title,
        a1_0.your_column_name 
    from
        article a1_0 
    where
        a1_0.id=?
Hibernate: 
    update
        article 
    set
        content=?,
        title=?,
        your_column_name=? 
    where
        id=?
Hibernate: 
    select
        a1_0.id,
        a1_0.content,
        a1_0.title,
        a1_0.your_column_name 
    from
        article a1_0 
    where
        a1_0.id=?
]]></system-out>
  <system-err><![CDATA[]]></system-err>
</testsuite>
